\BOOKMARK [1][-]{section.0.1}{\376\377\000S\000u\000b\000m\000i\000t\000e\000d\000\040\000H\000o\000m\000e\000w\000o\000r\000k\000\040\000A\000s\000s\000i\000g\000n\000m\000e\000n\000t\000\040\000M\000A\000T\000H\0003\0003\0005\000\040\000H\000W\0001}{}% 1
\BOOKMARK [2][-]{subsection.0.1.1}{\376\377\000B\000y\000\040\000B\000i\000r\000a\000j\000\040\000B\000o\000r\000g\000o\000h\000a\000i\000n\000\040\000\050\0009\0000\0000\0003\0006\0009\0001\0006\0002\000\051}{section.0.1}% 2
\BOOKMARK [1][-]{section.0.2}{\376\377\000S\000o\000l\000u\000t\000i\000o\000n\000\040\000o\000f\000\040\000P\000r\000o\000b\000l\000e\000m\000\040\0001\000:}{}% 3
\BOOKMARK [1][-]{section.0.3}{\376\377\000S\000o\000l\000u\000t\000i\000o\000n\000\040\000o\000f\000\040\000P\000r\000o\000b\000l\000e\000m\000\040\0002\000\050\000a\000\051\000\040\000a\000n\000d\000\040\000\050\000b\000\051}{}% 4
\BOOKMARK [2][-]{subsection.0.3.1}{\376\377\000S\000o\000l\000u\000t\000i\000o\000n\000\040\0002\000\050\000a\000\051}{section.0.3}% 5
\BOOKMARK [3][-]{subsubsection*.2}{\376\377\000S\000l\000o\000p\000e\000\040\000f\000i\000e\000l\000d\000\040\000p\000l\000o\000t}{subsection.0.3.1}% 6
\BOOKMARK [2][-]{subsection.0.3.2}{\376\377\000S\000o\000l\000u\000t\000i\000o\000n\000\040\0002\000\050\000b\000\051}{section.0.3}% 7
\BOOKMARK [3][-]{subsubsection*.3}{\376\377\000S\000l\000o\000p\000e\000\040\000F\000i\000e\000l\000d\000\040\000p\000l\000o\000t}{subsection.0.3.2}% 8
\BOOKMARK [1][-]{section.0.4}{\376\377\000S\000o\000l\000u\000t\000i\000o\000n\000\040\000o\000f\000\040\000P\000r\000o\000b\000l\000e\000m\000\040\0003}{}% 9
\BOOKMARK [2][-]{subsection.0.4.1}{\376\377\000S\000t\000e\000p\000\040\0001\000:\000\040\000R\000e\000w\000r\000i\000t\000e\000\040\000t\000h\000e\000\040\000D\000i\000f\000f\000e\000r\000e\000n\000t\000i\000a\000l\000\040\000E\000q\000u\000a\000t\000i\000o\000n}{section.0.4}% 10
\BOOKMARK [2][-]{subsection.0.4.2}{\376\377\000S\000t\000e\000p\000\040\0002\000:\000\040\000F\000a\000c\000t\000o\000r\000\040\000t\000h\000e\000\040\000D\000e\000n\000o\000m\000i\000n\000a\000t\000o\000r}{section.0.4}% 11
\BOOKMARK [2][-]{subsection.0.4.3}{\376\377\000S\000t\000e\000p\000\040\0003\000:\000\040\000S\000e\000t\000\040\000U\000p\000\040\000t\000h\000e\000\040\000P\000a\000r\000t\000i\000a\000l\000\040\000F\000r\000a\000c\000t\000i\000o\000n\000\040\000D\000e\000c\000o\000m\000p\000o\000s\000i\000t\000i\000o\000n}{section.0.4}% 12
\BOOKMARK [2][-]{subsection.0.4.4}{\376\377\000S\000t\000e\000p\000\040\0004\000:\000\040\000E\000l\000i\000m\000i\000n\000a\000t\000e\000\040\000t\000h\000e\000\040\000D\000e\000n\000o\000m\000i\000n\000a\000t\000o\000r\000s}{section.0.4}% 13
\BOOKMARK [2][-]{subsection.0.4.5}{\376\377\000S\000t\000e\000p\000\040\0005\000:\000\040\000F\000i\000n\000d\000\040\000t\000h\000e\000\040\000C\000o\000n\000s\000t\000a\000n\000t\000\040\000A}{section.0.4}% 14
\BOOKMARK [2][-]{subsection.0.4.6}{\376\377\000S\000t\000e\000p\000\040\0006\000:\000\040\000F\000i\000n\000d\000\040\000t\000h\000e\000\040\000C\000o\000n\000s\000t\000a\000n\000t\000\040\000B}{section.0.4}% 15
\BOOKMARK [2][-]{subsection.0.4.7}{\376\377\000S\000t\000e\000p\000\040\0007\000:\000\040\000W\000r\000i\000t\000e\000\040\000t\000h\000e\000\040\000P\000a\000r\000t\000i\000a\000l\000\040\000F\000r\000a\000c\000t\000i\000o\000n\000\040\000E\000x\000p\000a\000n\000s\000i\000o\000n}{section.0.4}% 16
\BOOKMARK [2][-]{subsection.0.4.8}{\376\377\000S\000t\000e\000p\000\040\0008\000:\000\040\000I\000n\000t\000e\000g\000r\000a\000t\000e\000\040\000t\000h\000e\000\040\000F\000i\000r\000s\000t\000\040\000T\000e\000r\000m}{section.0.4}% 17
\BOOKMARK [2][-]{subsection.0.4.9}{\376\377\000S\000t\000e\000p\000\040\0009\000:\000\040\000I\000n\000t\000e\000g\000r\000a\000t\000e\000\040\000t\000h\000e\000\040\000S\000e\000c\000o\000n\000d\000\040\000T\000e\000r\000m}{section.0.4}% 18
\BOOKMARK [2][-]{subsection.0.4.10}{\376\377\000S\000t\000e\000p\000\040\0001\0000\000:\000\040\000C\000o\000m\000b\000i\000n\000e\000\040\000t\000h\000e\000\040\000R\000e\000s\000u\000l\000t\000s}{section.0.4}% 19
\BOOKMARK [2][-]{subsection.0.4.11}{\376\377\000S\000t\000e\000p\000\040\0001\0001\000:\000\040\000C\000o\000m\000b\000i\000n\000e\000\040\000t\000h\000e\000\040\000L\000o\000g\000a\000r\000i\000t\000h\000m\000s}{section.0.4}% 20
\BOOKMARK [2][-]{subsection.0.4.12}{\376\377\000S\000t\000e\000p\000\040\0001\0002\000:\000\040\000A\000p\000p\000l\000y\000\040\000t\000h\000e\000\040\000I\000n\000i\000t\000i\000a\000l\000\040\000C\000o\000n\000d\000i\000t\000i\000o\000n}{section.0.4}% 21
\BOOKMARK [2][-]{subsection.0.4.13}{\376\377\000S\000t\000e\000p\000\040\0001\0003\000:\000\040\000F\000i\000n\000a\000l\000\040\000S\000o\000l\000u\000t\000i\000o\000n}{section.0.4}% 22
\BOOKMARK [1][-]{section.0.5}{\376\377\000S\000o\000l\000u\000t\000i\000o\000n\000\040\000o\000f\000\040\000P\000r\000o\000b\000l\000e\000m\000\040\0004}{}% 23
\BOOKMARK [2][-]{subsection.0.5.1}{\376\377\000O\000b\000j\000e\000c\000t\000i\000v\000e}{section.0.5}% 24
\BOOKMARK [2][-]{subsection.0.5.2}{\376\377\000S\000o\000l\000u\000t\000i\000o\000n}{section.0.5}% 25
\BOOKMARK [3][-]{subsubsection*.4}{\376\377\000S\000t\000e\000p\000\040\0001\000:\000\040\000C\000o\000m\000p\000u\000t\000e\000\040\000t\000h\000e\000\040\000F\000i\000r\000s\000t\000\040\000D\000e\000r\000i\000v\000a\000t\000i\000v\000e}{subsection.0.5.2}% 26
\BOOKMARK [3][-]{subsubsection*.5}{\376\377\000S\000t\000e\000p\000\040\0002\000:\000\040\000C\000o\000m\000p\000u\000t\000e\000\040\000t\000h\000e\000\040\000S\000e\000c\000o\000n\000d\000\040\000D\000e\000r\000i\000v\000a\000t\000i\000v\000e}{subsection.0.5.2}% 27
\BOOKMARK [3][-]{subsubsection*.6}{\376\377\000S\000t\000e\000p\000\040\0003\000:\000\040\000S\000u\000b\000s\000t\000i\000t\000u\000t\000e\000\040\000i\000n\000t\000o\000\040\000t\000h\000e\000\040\000D\000i\000f\000f\000e\000r\000e\000n\000t\000i\000a\000l\000\040\000E\000q\000u\000a\000t\000i\000o\000n}{subsection.0.5.2}% 28
\BOOKMARK [3][-]{subsubsection*.7}{\376\377\000S\000t\000e\000p\000\040\0004\000:\000\040\000V\000e\000r\000i\000f\000y\000\040\000t\000h\000e\000\040\000I\000n\000i\000t\000i\000a\000l\000\040\000C\000o\000n\000d\000i\000t\000i\000o\000n}{subsection.0.5.2}% 29
\BOOKMARK [3][-]{subsubsection*.8}{\376\377\000C\000o\000n\000c\000l\000u\000s\000i\000o\000n}{subsection.0.5.2}% 30
\BOOKMARK [1][-]{section.0.6}{\376\377\000S\000o\000l\000u\000t\000i\000o\000n\000\040\000o\000f\000\040\000P\000r\000o\000b\000l\000e\000m\000\040\0005}{}% 31
\BOOKMARK [2][-]{subsection.0.6.1}{\376\377\000P\000r\000o\000b\000l\000e\000m}{section.0.6}% 32
\BOOKMARK [2][-]{subsection.0.6.2}{\376\377\000S\000o\000l\000u\000t\000i\000o\000n}{section.0.6}% 33
\BOOKMARK [3][-]{subsubsection*.9}{\376\377\000S\000t\000e\000p\000\040\0001\000:\000\040\000F\000i\000n\000d\000\040\000t\000h\000e\000\040\000I\000n\000t\000e\000g\000r\000a\000t\000i\000n\000g\000\040\000F\000a\000c\000t\000o\000r}{subsection.0.6.2}% 34
\BOOKMARK [3][-]{subsubsection*.10}{\376\377\000S\000t\000e\000p\000\040\0002\000:\000\040\000M\000u\000l\000t\000i\000p\000l\000y\000\040\000t\000h\000e\000\040\000D\000i\000f\000f\000e\000r\000e\000n\000t\000i\000a\000l\000\040\000E\000q\000u\000a\000t\000i\000o\000n\000\040\000b\000y\000\040\000t\000h\000e\000\040\000I\000n\000t\000e\000g\000r\000a\000t\000i\000n\000g\000\040\000F\000a\000c\000t\000o\000r}{subsection.0.6.2}% 35
\BOOKMARK [3][-]{subsubsection*.11}{\376\377\000S\000t\000e\000p\000\040\0003\000:\000\040\000R\000e\000c\000o\000g\000n\000i\000z\000e\000\040\000t\000h\000e\000\040\000P\000r\000o\000d\000u\000c\000t\000\040\000D\000e\000r\000i\000v\000a\000t\000i\000v\000e}{subsection.0.6.2}% 36
\BOOKMARK [3][-]{subsubsection*.12}{\376\377\000S\000t\000e\000p\000\040\0004\000:\000\040\000I\000n\000t\000e\000g\000r\000a\000t\000e\000\040\000B\000o\000t\000h\000\040\000S\000i\000d\000e\000s}{subsection.0.6.2}% 37
\BOOKMARK [3][-]{subsubsection*.13}{\376\377\000S\000t\000e\000p\000\040\0005\000:\000\040\000S\000o\000l\000v\000e\000\040\000f\000o\000r\000\040\000y}{subsection.0.6.2}% 38
\BOOKMARK [2][-]{subsection.0.6.3}{\376\377\000A\000n\000s\000w\000e\000r}{section.0.6}% 39
\BOOKMARK [1][-]{section.0.7}{\376\377\000S\000o\000l\000u\000t\000i\000o\000n\000\040\000o\000f\000\040\000P\000r\000o\000b\000l\000e\000m\000\040\0006}{}% 40
\BOOKMARK [2][-]{subsection.0.7.1}{\376\377\000P\000r\000o\000b\000l\000e\000m}{section.0.7}% 41
\BOOKMARK [2][-]{subsection.0.7.2}{\376\377\000S\000t\000e\000p\000\040\0001\000:\000\040\000P\000u\000t\000\040\000t\000h\000e\000\040\000E\000q\000u\000a\000t\000i\000o\000n\000\040\000i\000n\000t\000o\000\040\000S\000t\000a\000n\000d\000a\000r\000d\000\040\000L\000i\000n\000e\000a\000r\000\040\000F\000o\000r\000m}{section.0.7}% 42
\BOOKMARK [2][-]{subsection.0.7.3}{\376\377\000S\000t\000e\000p\000\040\0002\000:\000\040\000F\000i\000n\000d\000\040\000t\000h\000e\000\040\000I\000n\000t\000e\000g\000r\000a\000t\000i\000n\000g\000\040\000F\000a\000c\000t\000o\000r}{section.0.7}% 43
\BOOKMARK [2][-]{subsection.0.7.4}{\376\377\000S\000t\000e\000p\000\040\0003\000:\000\040\000M\000u\000l\000t\000i\000p\000l\000y\000\040\000t\000h\000e\000\040\000E\000q\000u\000a\000t\000i\000o\000n\000\040\000b\000y\000\040\000t\000h\000e\000\040\000I\000n\000t\000e\000g\000r\000a\000t\000i\000n\000g\000\040\000F\000a\000c\000t\000o\000r}{section.0.7}% 44
\BOOKMARK [2][-]{subsection.0.7.5}{\376\377\000S\000t\000e\000p\000\040\0004\000:\000\040\000I\000n\000t\000e\000g\000r\000a\000t\000e\000\040\000B\000o\000t\000h\000\040\000S\000i\000d\000e\000s}{section.0.7}% 45
\BOOKMARK [3][-]{subsubsection*.14}{\376\377\000S\000t\000e\000p\000\040\0004\000a\000:\000\040\000U\000s\000e\000\040\000a\000\040\000S\000u\000b\000s\000t\000i\000t\000u\000t\000i\000o\000n}{subsection.0.7.5}% 46
\BOOKMARK [3][-]{subsubsection*.15}{\376\377\000S\000t\000e\000p\000\040\0004\000b\000:\000\040\000E\000v\000a\000l\000u\000a\000t\000e\000\040\000t\000h\000e\000\040\000I\000n\000t\000e\000g\000r\000a\000l}{subsection.0.7.5}% 47
\BOOKMARK [2][-]{subsection.0.7.6}{\376\377\000S\000t\000e\000p\000\040\0005\000:\000\040\000S\000o\000l\000v\000e\000\040\000f\000o\000r\000\040\000y}{section.0.7}% 48
\BOOKMARK [1][-]{section.0.8}{\376\377\000S\000o\000l\000u\000t\000i\000o\000n\000\040\000o\000f\000\040\000P\000r\000o\000b\000l\000e\000m\000\040\0007}{}% 49
\BOOKMARK [2][-]{subsection.0.8.1}{\376\377\000P\000r\000o\000b\000l\000e\000m}{section.0.8}% 50
\BOOKMARK [2][-]{subsection.0.8.2}{\376\377\000S\000t\000e\000p\000\040\0001\000:\000\040\000V\000e\000r\000i\000f\000y\000\040\000T\000h\000a\000t\000\040\000t\000h\000e\000\040\000E\000q\000u\000a\000t\000i\000o\000n\000\040\000I\000s\000\040\000L\000i\000n\000e\000a\000r}{section.0.8}% 51
\BOOKMARK [2][-]{subsection.0.8.3}{\376\377\000S\000t\000e\000p\000\040\0002\000:\000\040\000F\000i\000n\000d\000\040\000t\000h\000e\000\040\000I\000n\000t\000e\000g\000r\000a\000t\000i\000n\000g\000\040\000F\000a\000c\000t\000o\000r}{section.0.8}% 52
\BOOKMARK [2][-]{subsection.0.8.4}{\376\377\000S\000t\000e\000p\000\040\0003\000:\000\040\000M\000u\000l\000t\000i\000p\000l\000y\000\040\000t\000h\000e\000\040\000E\000n\000t\000i\000r\000e\000\040\000E\000q\000u\000a\000t\000i\000o\000n\000\040\000b\000y\000\040\000t\000h\000e\000\040\000I\000n\000t\000e\000g\000r\000a\000t\000i\000n\000g\000\040\000F\000a\000c\000t\000o\000r}{section.0.8}% 53
\BOOKMARK [2][-]{subsection.0.8.5}{\376\377\000S\000t\000e\000p\000\040\0004\000:\000\040\000R\000e\000c\000o\000g\000n\000i\000z\000e\000\040\000t\000h\000e\000\040\000P\000r\000o\000d\000u\000c\000t\000\040\000R\000u\000l\000e}{section.0.8}% 54
\BOOKMARK [2][-]{subsection.0.8.6}{\376\377\000S\000t\000e\000p\000\040\0005\000:\000\040\000I\000n\000t\000e\000g\000r\000a\000t\000e\000\040\000B\000o\000t\000h\000\040\000S\000i\000d\000e\000s}{section.0.8}% 55
\BOOKMARK [2][-]{subsection.0.8.7}{\376\377\000S\000t\000e\000p\000\040\0006\000:\000\040\000E\000v\000a\000l\000u\000a\000t\000e\000\040\000t\000h\000e\000\040\000I\000n\000t\000e\000g\000r\000a\000l\000\040\000e\000t\000\050\000t\000\051\000d\000t}{section.0.8}% 56
\BOOKMARK [3][-]{subsubsection*.16}{\376\377\000S\000t\000e\000p\000\040\0006\000a\000:}{subsection.0.8.7}% 57
\BOOKMARK [3][-]{subsubsection*.17}{\376\377\000S\000t\000e\000p\000\040\0006\000b\000:\000\040\000E\000v\000a\000l\000u\000a\000t\000e\000\040\000J}{subsection.0.8.7}% 58
\BOOKMARK [3][-]{subsubsection*.18}{\376\377\000S\000t\000e\000p\000\040\0006\000c\000:\000\040\000S\000u\000b\000s\000t\000i\000t\000u\000t\000e\000\040\000B\000a\000c\000k\000\040\000I\000n\000t\000o\000\040\000I}{subsection.0.8.7}% 59
\BOOKMARK [2][-]{subsection.0.8.8}{\376\377\000S\000t\000e\000p\000\040\0007\000:\000\040\000S\000u\000b\000s\000t\000i\000t\000u\000t\000e\000\040\000B\000a\000c\000k\000\040\000I\000n\000t\000o\000\040\000t\000h\000e\000\040\000S\000o\000l\000u\000t\000i\000o\000n}{section.0.8}% 60
\BOOKMARK [2][-]{subsection.0.8.9}{\376\377\000S\000t\000e\000p\000\040\0008\000:\000\040\000S\000o\000l\000v\000e\000\040\000f\000o\000r\000\040\000y}{section.0.8}% 61
\BOOKMARK [2][-]{subsection.0.8.10}{\376\377\000F\000i\000n\000a\000l\000\040\000A\000n\000s\000w\000e\000r}{section.0.8}% 62
